{"C:\\Users\\HP\\Desktop\\Projects\\multiLevel-comment\\src\\index.ts": {"path":"C:\\Users\\HP\\Desktop\\Projects\\multiLevel-comment\\src\\index.ts","statementMap":{"0":{"start":{"line":1,"column":0},"end":{"line":1,"column":30}},"1":{"start":{"line":2,"column":0},"end":{"line":2,"column":28}},"2":{"start":{"line":3,"column":0},"end":{"line":3,"column":36}},"3":{"start":{"line":4,"column":0},"end":{"line":4,"column":16}},"4":{"start":{"line":5,"column":0},"end":{"line":5,"column":45}},"5":{"start":{"line":6,"column":0},"end":{"line":6,"column":52}},"6":{"start":{"line":7,"column":0},"end":{"line":7,"column":46}},"7":{"start":{"line":8,"column":12},"end":{"line":8,"column":21}},"8":{"start":{"line":9,"column":13},"end":{"line":9,"column":37}},"9":{"start":{"line":11,"column":0},"end":{"line":11,"column":24}},"10":{"start":{"line":13,"column":0},"end":{"line":13,"column":27}},"11":{"start":{"line":14,"column":0},"end":{"line":14,"column":31}},"12":{"start":{"line":15,"column":0},"end":{"line":15,"column":28}},"13":{"start":{"line":17,"column":0},"end":{"line":20,"column":3}},"14":{"start":{"line":18,"column":2},"end":{"line":18,"column":48}},"15":{"start":{"line":19,"column":2},"end":{"line":19,"column":48}},"16":{"start":{"line":22,"column":0},"end":{"line":24,"column":3}},"17":{"start":{"line":23,"column":2},"end":{"line":23,"column":51}},"18":{"start":{"line":26,"column":0},"end":{"line":26,"column":19}}},"fnMap":{"0":{"name":"(anonymous_1)","decl":{"start":{"line":17,"column":13},"end":{"line":17,"column":14}},"loc":{"start":{"line":17,"column":26},"end":{"line":20,"column":1}}},"1":{"name":"(anonymous_2)","decl":{"start":{"line":22,"column":17},"end":{"line":22,"column":20}},"loc":{"start":{"line":22,"column":22},"end":{"line":24,"column":1}}}},"branchMap":{"0":{"loc":{"start":{"line":9,"column":13},"end":{"line":9,"column":37}},"type":"binary-expr","locations":[{"start":{"line":9,"column":13},"end":{"line":9,"column":29}},{"start":{"line":9,"column":33},"end":{"line":9,"column":37}}]}},"s":{"0":1,"1":1,"2":1,"3":1,"4":1,"5":1,"6":1,"7":1,"8":1,"9":1,"10":1,"11":1,"12":1,"13":1,"14":0,"15":0,"16":1,"17":1,"18":1},"f":{"0":0,"1":1},"b":{"0":[1,0]}}
,"C:\\Users\\HP\\Desktop\\Projects\\multiLevel-comment\\src\\controllers\\comment.conntroller.ts": {"path":"C:\\Users\\HP\\Desktop\\Projects\\multiLevel-comment\\src\\controllers\\comment.conntroller.ts","statementMap":{"0":{"start":{"line":2,"column":0},"end":{"line":2,"column":null}},"1":{"start":{"line":8,"column":0},"end":{"line":8,"column":37}},"2":{"start":{"line":9,"column":0},"end":{"line":9,"column":74}},"3":{"start":{"line":10,"column":0},"end":{"line":10,"column":50}},"4":{"start":{"line":19,"column":29},"end":{"line":47,"column":1}},"5":{"start":{"line":20,"column":19},"end":{"line":20,"column":27}},"6":{"start":{"line":21,"column":21},"end":{"line":21,"column":31}},"7":{"start":{"line":22,"column":31},"end":{"line":22,"column":44}},"8":{"start":{"line":24,"column":2},"end":{"line":46,"column":3}},"9":{"start":{"line":25,"column":20},"end":{"line":28,"column":null}},"10":{"start":{"line":30,"column":4},"end":{"line":33,"column":7}},"11":{"start":{"line":35,"column":4},"end":{"line":35,"column":53}},"12":{"start":{"line":36,"column":4},"end":{"line":42,"column":5}},"13":{"start":{"line":37,"column":6},"end":{"line":41,"column":11}},"14":{"start":{"line":43,"column":4},"end":{"line":45,"column":7}},"15":{"start":{"line":19,"column":13},"end":{"line":19,"column":29}},"16":{"start":{"line":56,"column":30},"end":{"line":84,"column":1}},"17":{"start":{"line":57,"column":19},"end":{"line":57,"column":27}},"18":{"start":{"line":58,"column":31},"end":{"line":58,"column":44}},"19":{"start":{"line":59,"column":32},"end":{"line":59,"column":42}},"20":{"start":{"line":60,"column":2},"end":{"line":83,"column":3}},"21":{"start":{"line":61,"column":18},"end":{"line":65,"column":null}},"22":{"start":{"line":67,"column":4},"end":{"line":70,"column":7}},"23":{"start":{"line":72,"column":4},"end":{"line":72,"column":56}},"24":{"start":{"line":73,"column":4},"end":{"line":79,"column":5}},"25":{"start":{"line":74,"column":6},"end":{"line":78,"column":11}},"26":{"start":{"line":80,"column":4},"end":{"line":82,"column":7}},"27":{"start":{"line":56,"column":13},"end":{"line":56,"column":30}},"28":{"start":{"line":93,"column":34},"end":{"line":120,"column":1}},"29":{"start":{"line":94,"column":21},"end":{"line":94,"column":31}},"30":{"start":{"line":95,"column":32},"end":{"line":95,"column":41}},"31":{"start":{"line":97,"column":2},"end":{"line":119,"column":3}},"32":{"start":{"line":98,"column":21},"end":{"line":101,"column":null}},"33":{"start":{"line":103,"column":4},"end":{"line":106,"column":7}},"34":{"start":{"line":108,"column":4},"end":{"line":108,"column":62}},"35":{"start":{"line":109,"column":4},"end":{"line":115,"column":5}},"36":{"start":{"line":110,"column":6},"end":{"line":114,"column":11}},"37":{"start":{"line":116,"column":4},"end":{"line":118,"column":7}},"38":{"start":{"line":93,"column":13},"end":{"line":93,"column":34}},"39":{"start":{"line":129,"column":41},"end":{"line":163,"column":1}},"40":{"start":{"line":133,"column":32},"end":{"line":133,"column":42}},"41":{"start":{"line":134,"column":29},"end":{"line":134,"column":38}},"42":{"start":{"line":136,"column":2},"end":{"line":162,"column":3}},"43":{"start":{"line":137,"column":32},"end":{"line":141,"column":null}},"44":{"start":{"line":143,"column":4},"end":{"line":149,"column":7}},"45":{"start":{"line":151,"column":4},"end":{"line":151,"column":68}},"46":{"start":{"line":152,"column":4},"end":{"line":158,"column":5}},"47":{"start":{"line":153,"column":6},"end":{"line":157,"column":11}},"48":{"start":{"line":159,"column":4},"end":{"line":161,"column":7}},"49":{"start":{"line":129,"column":13},"end":{"line":129,"column":41}}},"fnMap":{"0":{"name":"(anonymous_7)","decl":{"start":{"line":19,"column":29},"end":{"line":19,"column":34}},"loc":{"start":{"line":19,"column":67},"end":{"line":47,"column":1}}},"1":{"name":"(anonymous_8)","decl":{"start":{"line":56,"column":30},"end":{"line":56,"column":35}},"loc":{"start":{"line":56,"column":68},"end":{"line":84,"column":1}}},"2":{"name":"(anonymous_9)","decl":{"start":{"line":93,"column":34},"end":{"line":93,"column":39}},"loc":{"start":{"line":93,"column":72},"end":{"line":120,"column":1}}},"3":{"name":"(anonymous_10)","decl":{"start":{"line":129,"column":41},"end":{"line":129,"column":46}},"loc":{"start":{"line":132,"column":4},"end":{"line":163,"column":1}}}},"branchMap":{"0":{"loc":{"start":{"line":36,"column":4},"end":{"line":42,"column":5}},"type":"if","locations":[{"start":{"line":36,"column":4},"end":{"line":42,"column":5}}]},"1":{"loc":{"start":{"line":38,"column":16},"end":{"line":38,"column":70}},"type":"binary-expr","locations":[{"start":{"line":38,"column":16},"end":{"line":38,"column":30}},{"start":{"line":38,"column":34},"end":{"line":38,"column":70}}]},"2":{"loc":{"start":{"line":40,"column":19},"end":{"line":40,"column":69}},"type":"binary-expr","locations":[{"start":{"line":40,"column":19},"end":{"line":40,"column":32}},{"start":{"line":40,"column":36},"end":{"line":40,"column":69}}]},"3":{"loc":{"start":{"line":73,"column":4},"end":{"line":79,"column":5}},"type":"if","locations":[{"start":{"line":73,"column":4},"end":{"line":79,"column":5}}]},"4":{"loc":{"start":{"line":75,"column":16},"end":{"line":75,"column":70}},"type":"binary-expr","locations":[{"start":{"line":75,"column":16},"end":{"line":75,"column":30}},{"start":{"line":75,"column":34},"end":{"line":75,"column":70}}]},"5":{"loc":{"start":{"line":77,"column":19},"end":{"line":77,"column":67}},"type":"binary-expr","locations":[{"start":{"line":77,"column":19},"end":{"line":77,"column":32}},{"start":{"line":77,"column":36},"end":{"line":77,"column":67}}]},"6":{"loc":{"start":{"line":109,"column":4},"end":{"line":115,"column":5}},"type":"if","locations":[{"start":{"line":109,"column":4},"end":{"line":115,"column":5}}]},"7":{"loc":{"start":{"line":111,"column":16},"end":{"line":111,"column":70}},"type":"binary-expr","locations":[{"start":{"line":111,"column":16},"end":{"line":111,"column":30}},{"start":{"line":111,"column":34},"end":{"line":111,"column":70}}]},"8":{"loc":{"start":{"line":113,"column":19},"end":{"line":113,"column":72}},"type":"binary-expr","locations":[{"start":{"line":113,"column":19},"end":{"line":113,"column":32}},{"start":{"line":113,"column":36},"end":{"line":113,"column":72}}]},"9":{"loc":{"start":{"line":152,"column":4},"end":{"line":158,"column":5}},"type":"if","locations":[{"start":{"line":152,"column":4},"end":{"line":158,"column":5}}]},"10":{"loc":{"start":{"line":154,"column":16},"end":{"line":154,"column":70}},"type":"binary-expr","locations":[{"start":{"line":154,"column":16},"end":{"line":154,"column":30}},{"start":{"line":154,"column":34},"end":{"line":154,"column":70}}]},"11":{"loc":{"start":{"line":156,"column":19},"end":{"line":156,"column":71}},"type":"binary-expr","locations":[{"start":{"line":156,"column":19},"end":{"line":156,"column":32}},{"start":{"line":156,"column":36},"end":{"line":156,"column":71}}]}},"s":{"0":1,"1":1,"2":1,"3":1,"4":1,"5":0,"6":0,"7":0,"8":0,"9":0,"10":0,"11":0,"12":0,"13":0,"14":0,"15":1,"16":1,"17":0,"18":0,"19":0,"20":0,"21":0,"22":0,"23":0,"24":0,"25":0,"26":0,"27":1,"28":1,"29":0,"30":0,"31":0,"32":0,"33":0,"34":0,"35":0,"36":0,"37":0,"38":1,"39":1,"40":0,"41":0,"42":0,"43":0,"44":0,"45":0,"46":0,"47":0,"48":0,"49":1},"f":{"0":0,"1":0,"2":0,"3":0},"b":{"0":[0],"1":[0,0],"2":[0,0],"3":[0],"4":[0,0],"5":[0,0],"6":[0],"7":[0,0],"8":[0,0],"9":[0],"10":[0,0],"11":[0,0]}}
,"C:\\Users\\HP\\Desktop\\Projects\\multiLevel-comment\\src\\controllers\\post.controller.ts": {"path":"C:\\Users\\HP\\Desktop\\Projects\\multiLevel-comment\\src\\controllers\\post.controller.ts","statementMap":{"0":{"start":{"line":2,"column":0},"end":{"line":2,"column":37}},"1":{"start":{"line":3,"column":0},"end":{"line":3,"column":74}},"2":{"start":{"line":4,"column":0},"end":{"line":4,"column":50}},"3":{"start":{"line":5,"column":0},"end":{"line":5,"column":61}},"4":{"start":{"line":7,"column":26},"end":{"line":30,"column":1}},"5":{"start":{"line":8,"column":29},"end":{"line":8,"column":37}},"6":{"start":{"line":9,"column":31},"end":{"line":9,"column":44}},"7":{"start":{"line":10,"column":2},"end":{"line":10,"column":24}},"8":{"start":{"line":11,"column":2},"end":{"line":29,"column":3}},"9":{"start":{"line":12,"column":17},"end":{"line":12,"column":66}},"10":{"start":{"line":13,"column":4},"end":{"line":16,"column":7}},"11":{"start":{"line":18,"column":4},"end":{"line":18,"column":53}},"12":{"start":{"line":19,"column":4},"end":{"line":25,"column":5}},"13":{"start":{"line":20,"column":6},"end":{"line":24,"column":11}},"14":{"start":{"line":26,"column":4},"end":{"line":28,"column":7}},"15":{"start":{"line":7,"column":13},"end":{"line":7,"column":26}}},"fnMap":{"0":{"name":"(anonymous_7)","decl":{"start":{"line":7,"column":26},"end":{"line":7,"column":31}},"loc":{"start":{"line":7,"column":64},"end":{"line":30,"column":1}}}},"branchMap":{"0":{"loc":{"start":{"line":19,"column":4},"end":{"line":25,"column":5}},"type":"if","locations":[{"start":{"line":19,"column":4},"end":{"line":25,"column":5}}]},"1":{"loc":{"start":{"line":21,"column":16},"end":{"line":21,"column":70}},"type":"binary-expr","locations":[{"start":{"line":21,"column":16},"end":{"line":21,"column":30}},{"start":{"line":21,"column":34},"end":{"line":21,"column":70}}]},"2":{"loc":{"start":{"line":23,"column":19},"end":{"line":23,"column":66}},"type":"binary-expr","locations":[{"start":{"line":23,"column":19},"end":{"line":23,"column":32}},{"start":{"line":23,"column":36},"end":{"line":23,"column":66}}]}},"s":{"0":1,"1":1,"2":1,"3":1,"4":1,"5":2,"6":2,"7":2,"8":2,"9":2,"10":2,"11":0,"12":0,"13":0,"14":0,"15":1},"f":{"0":2},"b":{"0":[0],"1":[0,0],"2":[0,0]}}
,"C:\\Users\\HP\\Desktop\\Projects\\multiLevel-comment\\src\\controllers\\user..controller.ts": {"path":"C:\\Users\\HP\\Desktop\\Projects\\multiLevel-comment\\src\\controllers\\user..controller.ts","statementMap":{"0":{"start":{"line":2,"column":0},"end":{"line":2,"column":null}},"1":{"start":{"line":6,"column":0},"end":{"line":6,"column":37}},"2":{"start":{"line":7,"column":0},"end":{"line":7,"column":74}},"3":{"start":{"line":8,"column":0},"end":{"line":8,"column":50}},"4":{"start":{"line":17,"column":28},"end":{"line":48,"column":1}},"5":{"start":{"line":19,"column":36},"end":{"line":19,"column":44}},"6":{"start":{"line":21,"column":2},"end":{"line":47,"column":3}},"7":{"start":{"line":23,"column":25},"end":{"line":23,"column":73}},"8":{"start":{"line":26,"column":4},"end":{"line":29,"column":7}},"9":{"start":{"line":32,"column":4},"end":{"line":32,"column":53}},"10":{"start":{"line":35,"column":4},"end":{"line":41,"column":5}},"11":{"start":{"line":36,"column":6},"end":{"line":40,"column":11}},"12":{"start":{"line":44,"column":4},"end":{"line":46,"column":7}},"13":{"start":{"line":17,"column":13},"end":{"line":17,"column":28}},"14":{"start":{"line":57,"column":25},"end":{"line":87,"column":1}},"15":{"start":{"line":58,"column":30},"end":{"line":58,"column":38}},"16":{"start":{"line":60,"column":2},"end":{"line":86,"column":3}},"17":{"start":{"line":62,"column":22},"end":{"line":62,"column":61}},"18":{"start":{"line":65,"column":4},"end":{"line":68,"column":7}},"19":{"start":{"line":71,"column":4},"end":{"line":71,"column":52}},"20":{"start":{"line":74,"column":4},"end":{"line":80,"column":5}},"21":{"start":{"line":75,"column":6},"end":{"line":79,"column":11}},"22":{"start":{"line":83,"column":4},"end":{"line":85,"column":7}},"23":{"start":{"line":57,"column":13},"end":{"line":57,"column":25}}},"fnMap":{"0":{"name":"(anonymous_7)","decl":{"start":{"line":17,"column":28},"end":{"line":17,"column":33}},"loc":{"start":{"line":17,"column":66},"end":{"line":48,"column":1}}},"1":{"name":"(anonymous_8)","decl":{"start":{"line":57,"column":25},"end":{"line":57,"column":30}},"loc":{"start":{"line":57,"column":63},"end":{"line":87,"column":1}}}},"branchMap":{"0":{"loc":{"start":{"line":35,"column":4},"end":{"line":41,"column":5}},"type":"if","locations":[{"start":{"line":35,"column":4},"end":{"line":41,"column":5}}]},"1":{"loc":{"start":{"line":37,"column":16},"end":{"line":37,"column":70}},"type":"binary-expr","locations":[{"start":{"line":37,"column":16},"end":{"line":37,"column":30}},{"start":{"line":37,"column":34},"end":{"line":37,"column":70}}]},"2":{"loc":{"start":{"line":39,"column":19},"end":{"line":39,"column":66}},"type":"binary-expr","locations":[{"start":{"line":39,"column":19},"end":{"line":39,"column":32}},{"start":{"line":39,"column":36},"end":{"line":39,"column":66}}]},"3":{"loc":{"start":{"line":74,"column":4},"end":{"line":80,"column":5}},"type":"if","locations":[{"start":{"line":74,"column":4},"end":{"line":80,"column":5}}]},"4":{"loc":{"start":{"line":76,"column":16},"end":{"line":76,"column":70}},"type":"binary-expr","locations":[{"start":{"line":76,"column":16},"end":{"line":76,"column":30}},{"start":{"line":76,"column":34},"end":{"line":76,"column":70}}]},"5":{"loc":{"start":{"line":78,"column":19},"end":{"line":78,"column":68}},"type":"binary-expr","locations":[{"start":{"line":78,"column":19},"end":{"line":78,"column":32}},{"start":{"line":78,"column":36},"end":{"line":78,"column":68}}]}},"s":{"0":1,"1":1,"2":1,"3":1,"4":1,"5":1,"6":1,"7":1,"8":1,"9":0,"10":0,"11":0,"12":0,"13":1,"14":1,"15":2,"16":2,"17":2,"18":2,"19":0,"20":0,"21":0,"22":0,"23":1},"f":{"0":1,"1":2},"b":{"0":[0],"1":[0,0],"2":[0,0],"3":[0],"4":[0,0],"5":[0,0]}}
,"C:\\Users\\HP\\Desktop\\Projects\\multiLevel-comment\\src\\middlewares\\authenticate.ts": {"path":"C:\\Users\\HP\\Desktop\\Projects\\multiLevel-comment\\src\\middlewares\\authenticate.ts","statementMap":{"0":{"start":{"line":2,"column":0},"end":{"line":2,"column":64}},"1":{"start":{"line":3,"column":0},"end":{"line":3,"column":31}},"2":{"start":{"line":5,"column":28},"end":{"line":5,"column":59}},"3":{"start":{"line":18,"column":23},"end":{"line":76,"column":1}},"4":{"start":{"line":23,"column":21},"end":{"line":23,"column":46}},"5":{"start":{"line":25,"column":2},"end":{"line":29,"column":3}},"6":{"start":{"line":26,"column":4},"end":{"line":28,"column":70}},"7":{"start":{"line":31,"column":2},"end":{"line":36,"column":3}},"8":{"start":{"line":32,"column":4},"end":{"line":32,"column":57}},"9":{"start":{"line":33,"column":4},"end":{"line":35,"column":50}},"10":{"start":{"line":38,"column":2},"end":{"line":38,"column":51}},"11":{"start":{"line":40,"column":16},"end":{"line":40,"column":40}},"12":{"start":{"line":42,"column":2},"end":{"line":75,"column":3}},"13":{"start":{"line":43,"column":25},"end":{"line":43,"column":79}},"14":{"start":{"line":45,"column":4},"end":{"line":45,"column":48}},"15":{"start":{"line":48,"column":29},"end":{"line":48,"column":58}},"16":{"start":{"line":49,"column":4},"end":{"line":53,"column":5}},"17":{"start":{"line":50,"column":6},"end":{"line":52,"column":62}},"18":{"start":{"line":55,"column":4},"end":{"line":55,"column":48}},"19":{"start":{"line":56,"column":4},"end":{"line":56,"column":11}},"20":{"start":{"line":58,"column":4},"end":{"line":58,"column":50}},"21":{"start":{"line":60,"column":4},"end":{"line":64,"column":5}},"22":{"start":{"line":61,"column":6},"end":{"line":63,"column":62}},"23":{"start":{"line":66,"column":4},"end":{"line":70,"column":5}},"24":{"start":{"line":67,"column":6},"end":{"line":69,"column":72}},"25":{"start":{"line":72,"column":4},"end":{"line":74,"column":74}},"26":{"start":{"line":78,"column":0},"end":{"line":78,"column":30}}},"fnMap":{"0":{"name":"(anonymous_1)","decl":{"start":{"line":18,"column":23},"end":{"line":18,"column":28}},"loc":{"start":{"line":22,"column":4},"end":{"line":76,"column":1}}}},"branchMap":{"0":{"loc":{"start":{"line":25,"column":2},"end":{"line":29,"column":3}},"type":"if","locations":[{"start":{"line":25,"column":2},"end":{"line":29,"column":3}}]},"1":{"loc":{"start":{"line":25,"column":6},"end":{"line":25,"column":54}},"type":"binary-expr","locations":[{"start":{"line":25,"column":6},"end":{"line":25,"column":17}},{"start":{"line":25,"column":21},"end":{"line":25,"column":54}}]},"2":{"loc":{"start":{"line":31,"column":2},"end":{"line":36,"column":3}},"type":"if","locations":[{"start":{"line":31,"column":2},"end":{"line":36,"column":3}}]},"3":{"loc":{"start":{"line":49,"column":4},"end":{"line":53,"column":5}},"type":"if","locations":[{"start":{"line":49,"column":4},"end":{"line":53,"column":5}}]},"4":{"loc":{"start":{"line":60,"column":4},"end":{"line":64,"column":5}},"type":"if","locations":[{"start":{"line":60,"column":4},"end":{"line":64,"column":5}}]},"5":{"loc":{"start":{"line":66,"column":4},"end":{"line":70,"column":5}},"type":"if","locations":[{"start":{"line":66,"column":4},"end":{"line":70,"column":5}}]}},"s":{"0":1,"1":1,"2":1,"3":1,"4":2,"5":2,"6":0,"7":2,"8":0,"9":0,"10":2,"11":2,"12":2,"13":2,"14":2,"15":2,"16":2,"17":0,"18":2,"19":2,"20":0,"21":0,"22":0,"23":0,"24":0,"25":0,"26":1},"f":{"0":2},"b":{"0":[0],"1":[2,2],"2":[0],"3":[0],"4":[0],"5":[0]}}
,"C:\\Users\\HP\\Desktop\\Projects\\multiLevel-comment\\src\\middlewares\\errorMiddleware.ts": {"path":"C:\\Users\\HP\\Desktop\\Projects\\multiLevel-comment\\src\\middlewares\\errorMiddleware.ts","statementMap":{"0":{"start":{"line":1,"column":0},"end":{"line":1,"column":null}},"1":{"start":{"line":2,"column":2},"end":{"line":2,"column":null}},"2":{"start":{"line":3,"column":2},"end":{"line":3,"column":null}},"3":{"start":{"line":4,"column":2},"end":{"line":4,"column":null}},"4":{"start":{"line":5,"column":2},"end":{"line":5,"column":null}},"5":{"start":{"line":6,"column":2},"end":{"line":6,"column":null}},"6":{"start":{"line":7,"column":2},"end":{"line":7,"column":null}},"7":{"start":{"line":8,"column":2},"end":{"line":8,"column":null}},"8":{"start":{"line":9,"column":2},"end":{"line":9,"column":null}},"9":{"start":{"line":10,"column":2},"end":{"line":10,"column":null}},"10":{"start":{"line":11,"column":2},"end":{"line":11,"column":null}},"11":{"start":{"line":12,"column":2},"end":{"line":12,"column":null}},"12":{"start":{"line":13,"column":2},"end":{"line":13,"column":null}},"13":{"start":{"line":14,"column":2},"end":{"line":14,"column":null}},"14":{"start":{"line":15,"column":2},"end":{"line":15,"column":null}},"15":{"start":{"line":16,"column":2},"end":{"line":16,"column":null}},"16":{"start":{"line":17,"column":2},"end":{"line":17,"column":null}},"17":{"start":{"line":18,"column":2},"end":{"line":18,"column":null}},"18":{"start":{"line":19,"column":2},"end":{"line":19,"column":null}},"19":{"start":{"line":20,"column":2},"end":{"line":20,"column":null}},"20":{"start":{"line":21,"column":2},"end":{"line":21,"column":null}},"21":{"start":{"line":22,"column":2},"end":{"line":22,"column":null}},"22":{"start":{"line":23,"column":2},"end":{"line":23,"column":null}},"23":{"start":{"line":24,"column":2},"end":{"line":24,"column":null}},"24":{"start":{"line":25,"column":2},"end":{"line":25,"column":null}},"25":{"start":{"line":39,"column":4},"end":{"line":39,"column":23}},"26":{"start":{"line":40,"column":4},"end":{"line":40,"column":54}},"27":{"start":{"line":42,"column":4},"end":{"line":42,"column":21}},"28":{"start":{"line":43,"column":4},"end":{"line":43,"column":29}},"29":{"start":{"line":44,"column":4},"end":{"line":44,"column":39}},"30":{"start":{"line":46,"column":4},"end":{"line":46,"column":34}},"31":{"start":{"line":57,"column":4},"end":{"line":57,"column":54}},"32":{"start":{"line":50,"column":0},"end":{"line":50,"column":21}}},"fnMap":{"0":{"name":"(anonymous_0)","decl":{"start":{"line":1,"column":0},"end":{"line":1,"column":12}},"loc":{"start":{"line":1,"column":26},"end":{"line":26,"column":1}}},"1":{"name":"(anonymous_1)","decl":{"start":{"line":33,"column":2},"end":{"line":33,"column":null}},"loc":{"start":{"line":37,"column":23},"end":{"line":47,"column":3}}},"2":{"name":"(anonymous_2)","decl":{"start":{"line":51,"column":2},"end":{"line":51,"column":null}},"loc":{"start":{"line":55,"column":41},"end":{"line":58,"column":3}}}},"branchMap":{"0":{"loc":{"start":{"line":1,"column":12},"end":{"line":1,"column":null}},"type":"binary-expr","locations":[{"start":{"line":1,"column":12},"end":{"line":1,"column":26}},{"start":{"line":1,"column":26},"end":{"line":1,"column":null}}]},"1":{"loc":{"start":{"line":52,"column":4},"end":{"line":52,"column":27}},"type":"default-arg","locations":[{"start":{"line":52,"column":11},"end":{"line":52,"column":27}}]},"2":{"loc":{"start":{"line":53,"column":4},"end":{"line":53,"column":51}},"type":"default-arg","locations":[{"start":{"line":53,"column":15},"end":{"line":53,"column":51}}]},"3":{"loc":{"start":{"line":54,"column":4},"end":{"line":54,"column":25}},"type":"default-arg","locations":[{"start":{"line":54,"column":20},"end":{"line":54,"column":25}}]},"4":{"loc":{"start":{"line":55,"column":4},"end":{"line":55,"column":41}},"type":"default-arg","locations":[{"start":{"line":55,"column":18},"end":{"line":55,"column":41}}]}},"s":{"0":1,"1":1,"2":1,"3":1,"4":1,"5":1,"6":1,"7":1,"8":1,"9":1,"10":1,"11":1,"12":1,"13":1,"14":1,"15":1,"16":1,"17":1,"18":1,"19":1,"20":1,"21":1,"22":1,"23":1,"24":1,"25":0,"26":0,"27":0,"28":0,"29":0,"30":0,"31":0,"32":1},"f":{"0":1,"1":0,"2":0},"b":{"0":[1,1],"1":[0],"2":[0],"3":[0],"4":[0]}}
,"C:\\Users\\HP\\Desktop\\Projects\\multiLevel-comment\\src\\middlewares\\rateLimiter.ts": {"path":"C:\\Users\\HP\\Desktop\\Projects\\multiLevel-comment\\src\\middlewares\\rateLimiter.ts","statementMap":{"0":{"start":{"line":2,"column":0},"end":{"line":2,"column":43}},"1":{"start":{"line":3,"column":0},"end":{"line":3,"column":74}},"2":{"start":{"line":6,"column":23},"end":{"line":17,"column":2}},"3":{"start":{"line":11,"column":34},"end":{"line":11,"column":null}},"4":{"start":{"line":13,"column":4},"end":{"line":15,"column":7}},"5":{"start":{"line":19,"column":34},"end":{"line":32,"column":1}},"6":{"start":{"line":24,"column":15},"end":{"line":24,"column":28}},"7":{"start":{"line":25,"column":2},"end":{"line":29,"column":3}},"8":{"start":{"line":26,"column":4},"end":{"line":28,"column":7}},"9":{"start":{"line":31,"column":2},"end":{"line":31,"column":33}},"10":{"start":{"line":19,"column":13},"end":{"line":19,"column":34}}},"fnMap":{"0":{"name":"(anonymous_1)","decl":{"start":{"line":11,"column":16},"end":{"line":11,"column":17}},"loc":{"start":{"line":11,"column":33},"end":{"line":11,"column":null}}},"1":{"name":"(anonymous_2)","decl":{"start":{"line":12,"column":11},"end":{"line":12,"column":12}},"loc":{"start":{"line":12,"column":43},"end":{"line":16,"column":3}}},"2":{"name":"(anonymous_3)","decl":{"start":{"line":19,"column":34},"end":{"line":19,"column":null}},"loc":{"start":{"line":23,"column":4},"end":{"line":32,"column":1}}}},"branchMap":{"0":{"loc":{"start":{"line":11,"column":34},"end":{"line":11,"column":61}},"type":"binary-expr","locations":[{"start":{"line":11,"column":34},"end":{"line":11,"column":51}},{"start":{"line":11,"column":55},"end":{"line":11,"column":61}}]},"1":{"loc":{"start":{"line":11,"column":34},"end":{"line":11,"column":51}},"type":"cond-expr","locations":[{"start":{"line":11,"column":47},"end":{"line":11,"column":49}},{"start":{"line":11,"column":47},"end":{"line":11,"column":51}}]},"2":{"loc":{"start":{"line":11,"column":34},"end":{"line":11,"column":49}},"type":"binary-expr","locations":[{"start":{"line":11,"column":34},"end":{"line":11,"column":49}},{"start":{"line":11,"column":47},"end":{"line":11,"column":49}}]},"3":{"loc":{"start":{"line":25,"column":2},"end":{"line":29,"column":3}},"type":"if","locations":[{"start":{"line":25,"column":2},"end":{"line":29,"column":3}}]}},"s":{"0":1,"1":1,"2":1,"3":0,"4":0,"5":1,"6":0,"7":0,"8":0,"9":0,"10":1},"f":{"0":0,"1":0,"2":0},"b":{"0":[0,0],"1":[0,0],"2":[0,0],"3":[0]}}
,"C:\\Users\\HP\\Desktop\\Projects\\multiLevel-comment\\src\\routes\\comment.routes.ts": {"path":"C:\\Users\\HP\\Desktop\\Projects\\multiLevel-comment\\src\\routes\\comment.routes.ts","statementMap":{"0":{"start":{"line":1,"column":0},"end":{"line":1,"column":33}},"1":{"start":{"line":2,"column":0},"end":{"line":2,"column":null}},"2":{"start":{"line":8,"column":0},"end":{"line":8,"column":57}},"3":{"start":{"line":9,"column":0},"end":{"line":9,"column":64}},"4":{"start":{"line":11,"column":15},"end":{"line":11,"column":23}},"5":{"start":{"line":13,"column":0},"end":{"line":18,"column":2}},"6":{"start":{"line":20,"column":0},"end":{"line":25,"column":2}},"7":{"start":{"line":27,"column":0},"end":{"line":27,"column":58}},"8":{"start":{"line":29,"column":0},"end":{"line":32,"column":2}},"9":{"start":{"line":34,"column":0},"end":{"line":34,"column":22}}},"fnMap":{},"branchMap":{},"s":{"0":1,"1":1,"2":1,"3":1,"4":1,"5":1,"6":1,"7":1,"8":1,"9":1},"f":{},"b":{}}
,"C:\\Users\\HP\\Desktop\\Projects\\multiLevel-comment\\src\\routes\\post.routes.ts": {"path":"C:\\Users\\HP\\Desktop\\Projects\\multiLevel-comment\\src\\routes\\post.routes.ts","statementMap":{"0":{"start":{"line":1,"column":0},"end":{"line":1,"column":29}},"1":{"start":{"line":2,"column":0},"end":{"line":2,"column":57}},"2":{"start":{"line":3,"column":0},"end":{"line":3,"column":60}},"3":{"start":{"line":5,"column":15},"end":{"line":5,"column":23}},"4":{"start":{"line":7,"column":0},"end":{"line":7,"column":49}},"5":{"start":{"line":9,"column":0},"end":{"line":9,"column":22}}},"fnMap":{},"branchMap":{},"s":{"0":1,"1":1,"2":1,"3":1,"4":1,"5":1},"f":{},"b":{}}
,"C:\\Users\\HP\\Desktop\\Projects\\multiLevel-comment\\src\\routes\\user.routes.ts": {"path":"C:\\Users\\HP\\Desktop\\Projects\\multiLevel-comment\\src\\routes\\user.routes.ts","statementMap":{"0":{"start":{"line":1,"column":0},"end":{"line":1,"column":33}},"1":{"start":{"line":2,"column":0},"end":{"line":2,"column":74}},"2":{"start":{"line":4,"column":15},"end":{"line":4,"column":23}},"3":{"start":{"line":6,"column":0},"end":{"line":6,"column":44}},"4":{"start":{"line":7,"column":0},"end":{"line":7,"column":38}},"5":{"start":{"line":9,"column":0},"end":{"line":9,"column":22}}},"fnMap":{},"branchMap":{},"s":{"0":1,"1":1,"2":1,"3":1,"4":1,"5":1},"f":{},"b":{}}
,"C:\\Users\\HP\\Desktop\\Projects\\multiLevel-comment\\src\\services\\comment.service.ts": {"path":"C:\\Users\\HP\\Desktop\\Projects\\multiLevel-comment\\src\\services\\comment.service.ts","statementMap":{"0":{"start":{"line":1,"column":0},"end":{"line":1,"column":63}},"1":{"start":{"line":2,"column":0},"end":{"line":2,"column":37}},"2":{"start":{"line":3,"column":0},"end":{"line":3,"column":74}},"3":{"start":{"line":4,"column":0},"end":{"line":4,"column":70}},"4":{"start":{"line":6,"column":15},"end":{"line":6,"column":33}},"5":{"start":{"line":8,"column":36},"end":{"line":31,"column":1}},"6":{"start":{"line":13,"column":2},"end":{"line":30,"column":3}},"7":{"start":{"line":14,"column":26},"end":{"line":20,"column":6}},"8":{"start":{"line":21,"column":4},"end":{"line":21,"column":25}},"9":{"start":{"line":23,"column":4},"end":{"line":23,"column":56}},"10":{"start":{"line":24,"column":4},"end":{"line":29,"column":6}},"11":{"start":{"line":8,"column":13},"end":{"line":8,"column":36}},"12":{"start":{"line":33,"column":37},"end":{"line":58,"column":1}},"13":{"start":{"line":39,"column":2},"end":{"line":57,"column":3}},"14":{"start":{"line":40,"column":24},"end":{"line":47,"column":6}},"15":{"start":{"line":48,"column":4},"end":{"line":48,"column":23}},"16":{"start":{"line":50,"column":4},"end":{"line":50,"column":54}},"17":{"start":{"line":51,"column":4},"end":{"line":56,"column":6}},"18":{"start":{"line":33,"column":13},"end":{"line":33,"column":37}},"19":{"start":{"line":60,"column":41},"end":{"line":112,"column":1}},"20":{"start":{"line":65,"column":2},"end":{"line":111,"column":3}},"21":{"start":{"line":66,"column":21},"end":{"line":97,"column":6}},"22":{"start":{"line":98,"column":4},"end":{"line":102,"column":8}},"23":{"start":{"line":98,"column":38},"end":{"line":102,"column":6}},"24":{"start":{"line":104,"column":4},"end":{"line":104,"column":56}},"25":{"start":{"line":105,"column":4},"end":{"line":110,"column":6}},"26":{"start":{"line":60,"column":13},"end":{"line":60,"column":41}},"27":{"start":{"line":116,"column":48},"end":{"line":182,"column":1}},"28":{"start":{"line":122,"column":2},"end":{"line":181,"column":3}},"29":{"start":{"line":123,"column":30},"end":{"line":164,"column":6}},"30":{"start":{"line":165,"column":4},"end":{"line":172,"column":6}},"31":{"start":{"line":166,"column":43},"end":{"line":170,"column":8}},"32":{"start":{"line":174,"column":4},"end":{"line":174,"column":66}},"33":{"start":{"line":175,"column":4},"end":{"line":180,"column":6}},"34":{"start":{"line":116,"column":13},"end":{"line":116,"column":48}}},"fnMap":{"0":{"name":"(anonymous_7)","decl":{"start":{"line":8,"column":36},"end":{"line":8,"column":41}},"loc":{"start":{"line":12,"column":4},"end":{"line":31,"column":1}}},"1":{"name":"(anonymous_8)","decl":{"start":{"line":33,"column":37},"end":{"line":33,"column":42}},"loc":{"start":{"line":38,"column":4},"end":{"line":58,"column":1}}},"2":{"name":"(anonymous_9)","decl":{"start":{"line":60,"column":41},"end":{"line":60,"column":46}},"loc":{"start":{"line":64,"column":4},"end":{"line":112,"column":1}}},"3":{"name":"(anonymous_10)","decl":{"start":{"line":98,"column":24},"end":{"line":98,"column":25}},"loc":{"start":{"line":98,"column":38},"end":{"line":102,"column":6}}},"4":{"name":"(anonymous_11)","decl":{"start":{"line":116,"column":48},"end":{"line":116,"column":53}},"loc":{"start":{"line":121,"column":4},"end":{"line":182,"column":1}}},"5":{"name":"(anonymous_12)","decl":{"start":{"line":166,"column":29},"end":{"line":166,"column":30}},"loc":{"start":{"line":166,"column":43},"end":{"line":170,"column":8}}}},"branchMap":{},"s":{"0":1,"1":1,"2":1,"3":1,"4":1,"5":1,"6":0,"7":0,"8":0,"9":0,"10":0,"11":1,"12":1,"13":0,"14":0,"15":0,"16":0,"17":0,"18":1,"19":1,"20":0,"21":0,"22":0,"23":0,"24":0,"25":0,"26":1,"27":1,"28":0,"29":0,"30":0,"31":0,"32":0,"33":0,"34":1},"f":{"0":0,"1":0,"2":0,"3":0,"4":0,"5":0},"b":{}}
,"C:\\Users\\HP\\Desktop\\Projects\\multiLevel-comment\\src\\services\\post.service.ts": {"path":"C:\\Users\\HP\\Desktop\\Projects\\multiLevel-comment\\src\\services\\post.service.ts","statementMap":{"0":{"start":{"line":1,"column":0},"end":{"line":1,"column":54}},"1":{"start":{"line":2,"column":0},"end":{"line":2,"column":74}},"2":{"start":{"line":3,"column":0},"end":{"line":3,"column":70}},"3":{"start":{"line":5,"column":15},"end":{"line":5,"column":33}},"4":{"start":{"line":7,"column":33},"end":{"line":34,"column":1}},"5":{"start":{"line":12,"column":2},"end":{"line":33,"column":3}},"6":{"start":{"line":13,"column":17},"end":{"line":19,"column":6}},"7":{"start":{"line":20,"column":4},"end":{"line":20,"column":16}},"8":{"start":{"line":22,"column":4},"end":{"line":25,"column":5}},"9":{"start":{"line":23,"column":11},"end":{"line":25,"column":5}},"10":{"start":{"line":24,"column":6},"end":{"line":24,"column":18}},"11":{"start":{"line":27,"column":4},"end":{"line":32,"column":6}},"12":{"start":{"line":7,"column":13},"end":{"line":7,"column":33}}},"fnMap":{"0":{"name":"(anonymous_6)","decl":{"start":{"line":7,"column":33},"end":{"line":7,"column":38}},"loc":{"start":{"line":11,"column":4},"end":{"line":34,"column":1}}}},"branchMap":{"0":{"loc":{"start":{"line":22,"column":4},"end":{"line":25,"column":5}},"type":"if","locations":[{"start":{"line":22,"column":4},"end":{"line":25,"column":5}},{"start":{"line":23,"column":11},"end":{"line":25,"column":5}}]},"1":{"loc":{"start":{"line":23,"column":11},"end":{"line":25,"column":5}},"type":"if","locations":[{"start":{"line":23,"column":11},"end":{"line":25,"column":5}}]}},"s":{"0":1,"1":1,"2":1,"3":1,"4":1,"5":2,"6":2,"7":2,"8":0,"9":0,"10":0,"11":0,"12":1},"f":{"0":2},"b":{"0":[0,0],"1":[0]}}
,"C:\\Users\\HP\\Desktop\\Projects\\multiLevel-comment\\src\\services\\user.service.ts": {"path":"C:\\Users\\HP\\Desktop\\Projects\\multiLevel-comment\\src\\services\\user.service.ts","statementMap":{"0":{"start":{"line":1,"column":0},"end":{"line":1,"column":60}},"1":{"start":{"line":2,"column":0},"end":{"line":2,"column":28}},"2":{"start":{"line":3,"column":0},"end":{"line":3,"column":37}},"3":{"start":{"line":4,"column":0},"end":{"line":4,"column":31}},"4":{"start":{"line":5,"column":0},"end":{"line":5,"column":74}},"5":{"start":{"line":6,"column":0},"end":{"line":6,"column":70}},"6":{"start":{"line":8,"column":15},"end":{"line":8,"column":33}},"7":{"start":{"line":19,"column":35},"end":{"line":65,"column":1}},"8":{"start":{"line":24,"column":2},"end":{"line":64,"column":3}},"9":{"start":{"line":26,"column":27},"end":{"line":26,"column":58}},"10":{"start":{"line":29,"column":17},"end":{"line":35,"column":6}},"11":{"start":{"line":36,"column":4},"end":{"line":36,"column":60}},"12":{"start":{"line":37,"column":4},"end":{"line":37,"column":16}},"13":{"start":{"line":39,"column":4},"end":{"line":39,"column":56}},"14":{"start":{"line":42,"column":4},"end":{"line":44,"column":5}},"15":{"start":{"line":43,"column":6},"end":{"line":43,"column":18}},"16":{"start":{"line":45,"column":4},"end":{"line":55,"column":5}},"17":{"start":{"line":47,"column":6},"end":{"line":54,"column":7}},"18":{"start":{"line":48,"column":8},"end":{"line":53,"column":10}},"19":{"start":{"line":58,"column":4},"end":{"line":63,"column":6}},"20":{"start":{"line":19,"column":13},"end":{"line":19,"column":35}},"21":{"start":{"line":75,"column":32},"end":{"line":134,"column":1}},"22":{"start":{"line":76,"column":2},"end":{"line":133,"column":3}},"23":{"start":{"line":78,"column":17},"end":{"line":82,"column":6}},"24":{"start":{"line":85,"column":4},"end":{"line":92,"column":5}},"25":{"start":{"line":86,"column":6},"end":{"line":91,"column":8}},"26":{"start":{"line":95,"column":28},"end":{"line":95,"column":73}},"27":{"start":{"line":98,"column":4},"end":{"line":105,"column":5}},"28":{"start":{"line":99,"column":6},"end":{"line":104,"column":8}},"29":{"start":{"line":108,"column":18},"end":{"line":115,"column":null}},"30":{"start":{"line":119,"column":4},"end":{"line":119,"column":17}},"31":{"start":{"line":121,"column":4},"end":{"line":124,"column":5}},"32":{"start":{"line":123,"column":6},"end":{"line":123,"column":18}},"33":{"start":{"line":127,"column":4},"end":{"line":132,"column":6}},"34":{"start":{"line":75,"column":13},"end":{"line":75,"column":32}}},"fnMap":{"0":{"name":"(anonymous_7)","decl":{"start":{"line":19,"column":35},"end":{"line":19,"column":40}},"loc":{"start":{"line":23,"column":19},"end":{"line":65,"column":1}}},"1":{"name":"(anonymous_8)","decl":{"start":{"line":75,"column":32},"end":{"line":75,"column":37}},"loc":{"start":{"line":75,"column":74},"end":{"line":134,"column":1}}}},"branchMap":{"0":{"loc":{"start":{"line":42,"column":4},"end":{"line":44,"column":5}},"type":"if","locations":[{"start":{"line":42,"column":4},"end":{"line":44,"column":5}}]},"1":{"loc":{"start":{"line":45,"column":4},"end":{"line":55,"column":5}},"type":"if","locations":[{"start":{"line":45,"column":4},"end":{"line":55,"column":5}}]},"2":{"loc":{"start":{"line":47,"column":6},"end":{"line":54,"column":7}},"type":"if","locations":[{"start":{"line":47,"column":6},"end":{"line":54,"column":7}}]},"3":{"loc":{"start":{"line":85,"column":4},"end":{"line":92,"column":5}},"type":"if","locations":[{"start":{"line":85,"column":4},"end":{"line":92,"column":5}}]},"4":{"loc":{"start":{"line":98,"column":4},"end":{"line":105,"column":5}},"type":"if","locations":[{"start":{"line":98,"column":4},"end":{"line":105,"column":5}}]},"5":{"loc":{"start":{"line":112,"column":6},"end":{"line":112,"column":43}},"type":"binary-expr","locations":[{"start":{"line":112,"column":6},"end":{"line":112,"column":37}},{"start":{"line":112,"column":41},"end":{"line":112,"column":43}}]},"6":{"loc":{"start":{"line":121,"column":4},"end":{"line":124,"column":5}},"type":"if","locations":[{"start":{"line":121,"column":4},"end":{"line":124,"column":5}}]}},"s":{"0":1,"1":1,"2":1,"3":1,"4":1,"5":1,"6":1,"7":1,"8":1,"9":1,"10":1,"11":1,"12":1,"13":0,"14":0,"15":0,"16":0,"17":0,"18":0,"19":0,"20":1,"21":1,"22":2,"23":2,"24":2,"25":0,"26":2,"27":2,"28":0,"29":2,"30":2,"31":0,"32":0,"33":0,"34":1},"f":{"0":1,"1":2},"b":{"0":[0],"1":[0],"2":[0],"3":[0],"4":[0],"5":[2,0],"6":[0]}}
,"C:\\Users\\HP\\Desktop\\Projects\\multiLevel-comment\\src\\utils\\constant.ts": {"path":"C:\\Users\\HP\\Desktop\\Projects\\multiLevel-comment\\src\\utils\\constant.ts","statementMap":{"0":{"start":{"line":1,"column":0},"end":{"line":1,"column":null}},"1":{"start":{"line":2,"column":2},"end":{"line":2,"column":null}},"2":{"start":{"line":3,"column":2},"end":{"line":3,"column":null}},"3":{"start":{"line":4,"column":2},"end":{"line":4,"column":null}},"4":{"start":{"line":5,"column":2},"end":{"line":5,"column":null}},"5":{"start":{"line":6,"column":2},"end":{"line":6,"column":null}},"6":{"start":{"line":7,"column":2},"end":{"line":7,"column":null}},"7":{"start":{"line":8,"column":2},"end":{"line":8,"column":null}},"8":{"start":{"line":9,"column":2},"end":{"line":9,"column":null}},"9":{"start":{"line":10,"column":2},"end":{"line":10,"column":null}},"10":{"start":{"line":11,"column":2},"end":{"line":11,"column":null}},"11":{"start":{"line":12,"column":2},"end":{"line":12,"column":null}},"12":{"start":{"line":13,"column":2},"end":{"line":13,"column":null}},"13":{"start":{"line":14,"column":2},"end":{"line":14,"column":null}},"14":{"start":{"line":15,"column":2},"end":{"line":15,"column":null}},"15":{"start":{"line":16,"column":2},"end":{"line":16,"column":null}},"16":{"start":{"line":17,"column":2},"end":{"line":17,"column":null}},"17":{"start":{"line":18,"column":2},"end":{"line":18,"column":null}},"18":{"start":{"line":19,"column":2},"end":{"line":19,"column":null}},"19":{"start":{"line":20,"column":2},"end":{"line":20,"column":null}},"20":{"start":{"line":21,"column":2},"end":{"line":21,"column":null}},"21":{"start":{"line":22,"column":2},"end":{"line":22,"column":null}},"22":{"start":{"line":23,"column":2},"end":{"line":23,"column":null}},"23":{"start":{"line":24,"column":2},"end":{"line":24,"column":null}},"24":{"start":{"line":26,"column":13},"end":{"line":40,"column":2}}},"fnMap":{"0":{"name":"(anonymous_0)","decl":{"start":{"line":1,"column":0},"end":{"line":1,"column":12}},"loc":{"start":{"line":1,"column":30},"end":{"line":25,"column":1}}}},"branchMap":{"0":{"loc":{"start":{"line":1,"column":12},"end":{"line":1,"column":null}},"type":"binary-expr","locations":[{"start":{"line":1,"column":12},"end":{"line":1,"column":30}},{"start":{"line":1,"column":30},"end":{"line":1,"column":null}}]}},"s":{"0":1,"1":1,"2":1,"3":1,"4":1,"5":1,"6":1,"7":1,"8":1,"9":1,"10":1,"11":1,"12":1,"13":1,"14":1,"15":1,"16":1,"17":1,"18":1,"19":1,"20":1,"21":1,"22":1,"23":1,"24":1},"f":{"0":1},"b":{"0":[1,1]}}
,"C:\\Users\\HP\\Desktop\\Projects\\multiLevel-comment\\src\\utils\\logger.ts": {"path":"C:\\Users\\HP\\Desktop\\Projects\\multiLevel-comment\\src\\utils\\logger.ts","statementMap":{"0":{"start":{"line":1,"column":0},"end":{"line":1,"column":30}},"1":{"start":{"line":3,"column":15},"end":{"line":12,"column":2}},"2":{"start":{"line":14,"column":0},"end":{"line":20,"column":1}},"3":{"start":{"line":15,"column":2},"end":{"line":19,"column":4}},"4":{"start":{"line":22,"column":0},"end":{"line":22,"column":22}}},"fnMap":{},"branchMap":{"0":{"loc":{"start":{"line":14,"column":0},"end":{"line":20,"column":1}},"type":"if","locations":[{"start":{"line":14,"column":0},"end":{"line":20,"column":1}}]}},"s":{"0":1,"1":1,"2":1,"3":1,"4":1},"f":{},"b":{"0":[1]}}
}
