TN:
SF:src\index.ts
FN:17,(anonymous_1)
FN:22,(anonymous_2)
FNF:2
FNH:1
FNDA:0,(anonymous_1)
FNDA:1,(anonymous_2)
DA:1,1
DA:2,1
DA:3,1
DA:4,1
DA:5,1
DA:6,1
DA:7,1
DA:8,1
DA:9,1
DA:11,1
DA:13,1
DA:14,1
DA:15,1
DA:17,1
DA:18,0
DA:19,0
DA:22,1
DA:23,1
DA:26,1
LF:19
LH:17
BRDA:9,0,0,1
BRDA:9,0,1,0
BRF:2
BRH:1
end_of_record
TN:
SF:src\controllers\comment.conntroller.ts
FN:19,(anonymous_7)
FN:56,(anonymous_8)
FN:93,(anonymous_9)
FN:129,(anonymous_10)
FNF:4
FNH:0
FNDA:0,(anonymous_7)
FNDA:0,(anonymous_8)
FNDA:0,(anonymous_9)
FNDA:0,(anonymous_10)
DA:2,1
DA:8,1
DA:9,1
DA:10,1
DA:19,1
DA:20,0
DA:21,0
DA:22,0
DA:24,0
DA:25,0
DA:30,0
DA:35,0
DA:36,0
DA:37,0
DA:43,0
DA:56,1
DA:57,0
DA:58,0
DA:59,0
DA:60,0
DA:61,0
DA:67,0
DA:72,0
DA:73,0
DA:74,0
DA:80,0
DA:93,1
DA:94,0
DA:95,0
DA:97,0
DA:98,0
DA:103,0
DA:108,0
DA:109,0
DA:110,0
DA:116,0
DA:129,1
DA:133,0
DA:134,0
DA:136,0
DA:137,0
DA:143,0
DA:151,0
DA:152,0
DA:153,0
DA:159,0
LF:46
LH:8
BRDA:36,0,0,0
BRDA:38,1,0,0
BRDA:38,1,1,0
BRDA:40,2,0,0
BRDA:40,2,1,0
BRDA:73,3,0,0
BRDA:75,4,0,0
BRDA:75,4,1,0
BRDA:77,5,0,0
BRDA:77,5,1,0
BRDA:109,6,0,0
BRDA:111,7,0,0
BRDA:111,7,1,0
BRDA:113,8,0,0
BRDA:113,8,1,0
BRDA:152,9,0,0
BRDA:154,10,0,0
BRDA:154,10,1,0
BRDA:156,11,0,0
BRDA:156,11,1,0
BRF:20
BRH:0
end_of_record
TN:
SF:src\controllers\post.controller.ts
FN:7,(anonymous_7)
FNF:1
FNH:1
FNDA:2,(anonymous_7)
DA:2,1
DA:3,1
DA:4,1
DA:5,1
DA:7,1
DA:8,2
DA:9,2
DA:10,2
DA:11,2
DA:12,2
DA:13,2
DA:18,0
DA:19,0
DA:20,0
DA:26,0
LF:15
LH:11
BRDA:19,0,0,0
BRDA:21,1,0,0
BRDA:21,1,1,0
BRDA:23,2,0,0
BRDA:23,2,1,0
BRF:5
BRH:0
end_of_record
TN:
SF:src\controllers\user..controller.ts
FN:17,(anonymous_7)
FN:57,(anonymous_8)
FNF:2
FNH:2
FNDA:1,(anonymous_7)
FNDA:2,(anonymous_8)
DA:2,1
DA:6,1
DA:7,1
DA:8,1
DA:17,1
DA:19,1
DA:21,1
DA:23,1
DA:26,1
DA:32,0
DA:35,0
DA:36,0
DA:44,0
DA:57,1
DA:58,2
DA:60,2
DA:62,2
DA:65,2
DA:71,0
DA:74,0
DA:75,0
DA:83,0
LF:22
LH:14
BRDA:35,0,0,0
BRDA:37,1,0,0
BRDA:37,1,1,0
BRDA:39,2,0,0
BRDA:39,2,1,0
BRDA:74,3,0,0
BRDA:76,4,0,0
BRDA:76,4,1,0
BRDA:78,5,0,0
BRDA:78,5,1,0
BRF:10
BRH:0
end_of_record
TN:
SF:src\middlewares\authenticate.ts
FN:18,(anonymous_1)
FNF:1
FNH:1
FNDA:2,(anonymous_1)
DA:2,1
DA:3,1
DA:5,1
DA:18,1
DA:23,2
DA:25,2
DA:26,0
DA:31,2
DA:32,0
DA:33,0
DA:38,2
DA:40,2
DA:42,2
DA:43,2
DA:45,2
DA:48,2
DA:49,2
DA:50,0
DA:55,2
DA:56,2
DA:58,0
DA:60,0
DA:61,0
DA:66,0
DA:67,0
DA:72,0
DA:78,1
LF:27
LH:17
BRDA:25,0,0,0
BRDA:25,1,0,2
BRDA:25,1,1,2
BRDA:31,2,0,0
BRDA:49,3,0,0
BRDA:60,4,0,0
BRDA:66,5,0,0
BRF:7
BRH:2
end_of_record
TN:
SF:src\middlewares\errorMiddleware.ts
FN:1,(anonymous_0)
FN:33,(anonymous_1)
FN:51,(anonymous_2)
FNF:3
FNH:1
FNDA:1,(anonymous_0)
FNDA:0,(anonymous_1)
FNDA:0,(anonymous_2)
DA:1,1
DA:2,1
DA:3,1
DA:4,1
DA:5,1
DA:6,1
DA:7,1
DA:8,1
DA:9,1
DA:10,1
DA:11,1
DA:12,1
DA:13,1
DA:14,1
DA:15,1
DA:16,1
DA:17,1
DA:18,1
DA:19,1
DA:20,1
DA:21,1
DA:22,1
DA:23,1
DA:24,1
DA:25,1
DA:39,0
DA:40,0
DA:42,0
DA:43,0
DA:44,0
DA:46,0
DA:50,1
DA:57,0
LF:33
LH:26
BRDA:1,0,0,1
BRDA:1,0,1,1
BRDA:52,1,0,0
BRDA:53,2,0,0
BRDA:54,3,0,0
BRDA:55,4,0,0
BRF:6
BRH:2
end_of_record
TN:
SF:src\middlewares\rateLimiter.ts
FN:11,(anonymous_1)
FN:12,(anonymous_2)
FN:19,(anonymous_3)
FNF:3
FNH:0
FNDA:0,(anonymous_1)
FNDA:0,(anonymous_2)
FNDA:0,(anonymous_3)
DA:2,1
DA:3,1
DA:6,1
DA:11,0
DA:13,0
DA:19,1
DA:24,0
DA:25,0
DA:26,0
DA:31,0
LF:10
LH:4
BRDA:11,0,0,0
BRDA:11,0,1,0
BRDA:11,1,0,0
BRDA:11,1,1,0
BRDA:11,2,0,0
BRDA:11,2,1,0
BRDA:25,3,0,0
BRF:7
BRH:0
end_of_record
TN:
SF:src\routes\comment.routes.ts
FNF:0
FNH:0
DA:1,1
DA:2,1
DA:8,1
DA:9,1
DA:11,1
DA:13,1
DA:20,1
DA:27,1
DA:29,1
DA:34,1
LF:10
LH:10
BRF:0
BRH:0
end_of_record
TN:
SF:src\routes\post.routes.ts
FNF:0
FNH:0
DA:1,1
DA:2,1
DA:3,1
DA:5,1
DA:7,1
DA:9,1
LF:6
LH:6
BRF:0
BRH:0
end_of_record
TN:
SF:src\routes\user.routes.ts
FNF:0
FNH:0
DA:1,1
DA:2,1
DA:4,1
DA:6,1
DA:7,1
DA:9,1
LF:6
LH:6
BRF:0
BRH:0
end_of_record
TN:
SF:src\services\comment.service.ts
FN:8,(anonymous_7)
FN:33,(anonymous_8)
FN:60,(anonymous_9)
FN:98,(anonymous_10)
FN:116,(anonymous_11)
FN:166,(anonymous_12)
FNF:6
FNH:0
FNDA:0,(anonymous_7)
FNDA:0,(anonymous_8)
FNDA:0,(anonymous_9)
FNDA:0,(anonymous_10)
FNDA:0,(anonymous_11)
FNDA:0,(anonymous_12)
DA:1,1
DA:2,1
DA:3,1
DA:4,1
DA:6,1
DA:8,1
DA:13,0
DA:14,0
DA:21,0
DA:23,0
DA:24,0
DA:33,1
DA:39,0
DA:40,0
DA:48,0
DA:50,0
DA:51,0
DA:60,1
DA:65,0
DA:66,0
DA:98,0
DA:104,0
DA:105,0
DA:116,1
DA:122,0
DA:123,0
DA:165,0
DA:166,0
DA:174,0
DA:175,0
LF:30
LH:9
BRF:0
BRH:0
end_of_record
TN:
SF:src\services\post.service.ts
FN:7,(anonymous_6)
FNF:1
FNH:1
FNDA:2,(anonymous_6)
DA:1,1
DA:2,1
DA:3,1
DA:5,1
DA:7,1
DA:12,2
DA:13,2
DA:20,2
DA:22,0
DA:23,0
DA:24,0
DA:27,0
LF:12
LH:8
BRDA:22,0,0,0
BRDA:22,0,1,0
BRDA:23,1,0,0
BRF:3
BRH:0
end_of_record
TN:
SF:src\services\user.service.ts
FN:19,(anonymous_7)
FN:75,(anonymous_8)
FNF:2
FNH:2
FNDA:1,(anonymous_7)
FNDA:2,(anonymous_8)
DA:1,1
DA:2,1
DA:3,1
DA:4,1
DA:5,1
DA:6,1
DA:8,1
DA:19,1
DA:24,1
DA:26,1
DA:29,1
DA:36,1
DA:37,1
DA:39,0
DA:42,0
DA:43,0
DA:45,0
DA:47,0
DA:48,0
DA:58,0
DA:75,1
DA:76,2
DA:78,2
DA:85,2
DA:86,0
DA:95,2
DA:98,2
DA:99,0
DA:108,2
DA:119,2
DA:121,0
DA:123,0
DA:127,0
LF:33
LH:21
BRDA:42,0,0,0
BRDA:45,1,0,0
BRDA:47,2,0,0
BRDA:85,3,0,0
BRDA:98,4,0,0
BRDA:112,5,0,2
BRDA:112,5,1,0
BRDA:121,6,0,0
BRF:8
BRH:1
end_of_record
TN:
SF:src\utils\constant.ts
FN:1,(anonymous_0)
FNF:1
FNH:1
FNDA:1,(anonymous_0)
DA:1,1
DA:2,1
DA:3,1
DA:4,1
DA:5,1
DA:6,1
DA:7,1
DA:8,1
DA:9,1
DA:10,1
DA:11,1
DA:12,1
DA:13,1
DA:14,1
DA:15,1
DA:16,1
DA:17,1
DA:18,1
DA:19,1
DA:20,1
DA:21,1
DA:22,1
DA:23,1
DA:24,1
DA:26,1
LF:25
LH:25
BRDA:1,0,0,1
BRDA:1,0,1,1
BRF:2
BRH:2
end_of_record
TN:
SF:src\utils\logger.ts
FNF:0
FNH:0
DA:1,1
DA:3,1
DA:14,1
DA:15,1
DA:22,1
LF:5
LH:5
BRDA:14,0,0,1
BRF:1
BRH:1
end_of_record
